2018-09-04 11:16:39  [ main:0 ] - [ DEBUG ]  [REQUEST] &phone=18702604793&password=me123456&client_id=948e828b-957d-4550-8828-48cb6254fed5&client_secret=1108M45t16X2F399706f9p12cv10Pq3H
2018-09-04 11:16:39  [ main:5 ] - [ DEBUG ]  [REQUEST] CURL： curl -X POST --head '&phone=18702604793&password=me123456&client_id=948e828b-957d-4550-8828-48cb6254fed5&client_secret=1108M45t16X2F399706f9p12cv10Pq3H'
2018-09-04 11:16:39  [ main:338 ] - [ DEBUG ]  [RESPONSE] {"Code":-1011,"Status":"appkey doesn't exist:948e828b-957d-4550-8828-48cb6254fed5"}

2018-09-04 11:16:39  [ main:401 ] - [ DEBUG ]  [REQUEST] cn.qsnark.sdk.rpc.params.CreateAccountParams@2eda0940
2018-09-04 11:16:39  [ main:401 ] - [ DEBUG ]  [REQUEST] CURL： curl -X POST --head 'cn.qsnark.sdk.rpc.params.CreateAccountParams@2eda0940'
2018-09-04 11:16:39  [ main:553 ] - [ DEBUG ]  [RESPONSE] {"Code":-1008,"Status":"invalid access token"}

2018-09-04 11:16:39  [ main:565 ] - [ DEBUG ]  [REQUEST] {
"CTCode": "contract Accumulator{    uint32 sum = 0;   function increment()returns(uint32){        return sum = sum + 1;     }      function getSum() returns(uint32){         return sum;     }   function add(uint32 num1,uint32 num2) {         sum = sum+num1+num2;     } }"
}
2018-09-04 11:16:39  [ main:565 ] - [ DEBUG ]  [REQUEST] CURL： curl -X POST --head 'cn.qsnark.sdk.rpc.params.CompileContParams@2df32bf7'
2018-09-04 11:16:39  [ main:696 ] - [ DEBUG ]  [RESPONSE] {"Code":-1008,"Status":"invalid access token"}

2018-09-04 11:16:39  [ main:743 ] - [ DEBUG ]  [REQUEST] {"Bin":"","From":"null"}
2018-09-04 11:16:39  [ main:743 ] - [ DEBUG ]  [REQUEST] CURL： curl -X POST --head '{"Bin":"","From":"null"}'
2018-09-04 11:16:39  [ main:876 ] - [ DEBUG ]  [RESPONSE] {"Code":-1008,"Status":"invalid access token"}

2018-09-04 11:16:40  [ main:1894 ] - [ DEBUG ]  [REQUEST] {"token":"","txhash":"null"}
2018-09-04 11:16:40  [ main:1895 ] - [ DEBUG ]  [REQUEST] CURL： curl -X POST --head '{"token":"","txhash":"null"}'
2018-09-04 11:16:40  [ Thread-1:1901 ] - [ DEBUG ]  [REQUEST] {"token":"","txhash":"null"}
2018-09-04 11:16:40  [ Thread-1:1901 ] - [ DEBUG ]  [REQUEST] CURL： curl -X POST --head '{"token":"","txhash":"null"}'
2018-09-04 11:16:41  [ main:2024 ] - [ DEBUG ]  [RESPONSE] {"Code":-1008,"Status":"invalid access token"}

2018-09-04 11:16:41  [ main:2035 ] - [ DEBUG ]  [REQUEST] {
"From":"null",
"Operation":1,
"Payload":"null",
"To":"null"
}
2018-09-04 11:16:41  [ main:2035 ] - [ DEBUG ]  [REQUEST] CURL： curl -X POST --head 'cn.qsnark.sdk.rpc.params.MainTainParams@223f3642'
2018-09-04 11:16:41  [ Thread-1:2037 ] - [ DEBUG ]  [RESPONSE] {"Code":-1008,"Status":"invalid access token"}

2018-09-04 11:16:41  [ main:2187 ] - [ DEBUG ]  [RESPONSE] {"Code":-1008,"Status":"invalid access token"}

2018-09-04 11:16:41  [ main:2219 ] - [ DEBUG ]  [REQUEST] {"Const":true,"From":"null","Payload":"0xd09de08a","To":"null"}
2018-09-04 11:16:41  [ main:2220 ] - [ DEBUG ]  [REQUEST] CURL： curl -X POST --head '{"Const":true,"From":"null","Payload":"0xd09de08a","To":"null"}'
2018-09-04 11:16:41  [ main:2385 ] - [ DEBUG ]  [RESPONSE] {"Code":-1008,"Status":"invalid access token"}

2018-09-04 11:16:42  [ Thread-1:3040 ] - [ DEBUG ]  [REQUEST] {"token":"","txhash":"null"}
2018-09-04 11:16:42  [ Thread-1:3041 ] - [ DEBUG ]  [REQUEST] CURL： curl -X POST --head '{"token":"","txhash":"null"}'
2018-09-04 11:16:42  [ Thread-1:3205 ] - [ DEBUG ]  [RESPONSE] {"Code":-1008,"Status":"invalid access token"}

2018-09-04 11:16:43  [ Thread-1:4210 ] - [ DEBUG ]  [REQUEST] {"token":"","txhash":"null"}
2018-09-04 11:16:43  [ Thread-1:4210 ] - [ DEBUG ]  [REQUEST] CURL： curl -X POST --head '{"token":"","txhash":"null"}'
2018-09-04 11:16:43  [ Thread-1:4303 ] - [ DEBUG ]  [RESPONSE] {"Code":-1008,"Status":"invalid access token"}

2018-09-04 11:16:44  [ Thread-1:5306 ] - [ DEBUG ]  [REQUEST] {"token":"","txhash":"null"}
2018-09-04 11:16:44  [ Thread-1:5306 ] - [ DEBUG ]  [REQUEST] CURL： curl -X POST --head '{"token":"","txhash":"null"}'
2018-09-04 11:16:44  [ Thread-1:5391 ] - [ DEBUG ]  [RESPONSE] {"Code":-1008,"Status":"invalid access token"}

2018-09-04 11:16:45  [ Thread-1:6395 ] - [ DEBUG ]  [REQUEST] {"token":"","txhash":"null"}
2018-09-04 11:16:45  [ Thread-1:6396 ] - [ DEBUG ]  [REQUEST] CURL： curl -X POST --head '{"token":"","txhash":"null"}'
2018-09-04 11:16:45  [ Thread-1:6531 ] - [ DEBUG ]  [RESPONSE] {"Code":-1008,"Status":"invalid access token"}

2018-09-04 11:16:46  [ Thread-1:7535 ] - [ DEBUG ]  [REQUEST] {"token":"","txhash":"null"}
2018-09-04 11:16:46  [ Thread-1:7535 ] - [ DEBUG ]  [REQUEST] CURL： curl -X POST --head '{"token":"","txhash":"null"}'
2018-09-04 11:16:46  [ Thread-1:7617 ] - [ DEBUG ]  [RESPONSE] {"Code":-1008,"Status":"invalid access token"}

2018-09-04 11:16:47  [ Thread-1:8622 ] - [ DEBUG ]  [REQUEST] {"token":"","txhash":"null"}
2018-09-04 11:16:47  [ Thread-1:8622 ] - [ DEBUG ]  [REQUEST] CURL： curl -X POST --head '{"token":"","txhash":"null"}'
2018-09-04 11:16:47  [ Thread-1:8722 ] - [ DEBUG ]  [RESPONSE] {"Code":-1008,"Status":"invalid access token"}

2018-09-04 11:16:48  [ Thread-1:9726 ] - [ DEBUG ]  [REQUEST] {"token":"","txhash":"null"}
2018-09-04 11:16:48  [ Thread-1:9727 ] - [ DEBUG ]  [REQUEST] CURL： curl -X POST --head '{"token":"","txhash":"null"}'
2018-09-04 11:16:48  [ Thread-1:9844 ] - [ DEBUG ]  [RESPONSE] {"Code":-1008,"Status":"invalid access token"}

2018-09-04 11:16:49  [ Thread-1:10847 ] - [ DEBUG ]  [REQUEST] {"token":"","txhash":"null"}
2018-09-04 11:16:49  [ Thread-1:10848 ] - [ DEBUG ]  [REQUEST] CURL： curl -X POST --head '{"token":"","txhash":"null"}'
2018-09-04 11:16:49  [ Thread-1:10960 ] - [ DEBUG ]  [RESPONSE] {"Code":-1008,"Status":"invalid access token"}

2018-09-04 11:17:48  [ main:0 ] - [ DEBUG ]  [REQUEST] &phone=18702604793&password=me123456&client_id=c4bc5803-8f2c-43e6-9961-9ff3cbd1f733&client_secret=9f5qzgZval3O7YKqp44m4jM74m03IN9S
2018-09-04 11:17:48  [ main:3 ] - [ DEBUG ]  [REQUEST] CURL： curl -X POST --head '&phone=18702604793&password=me123456&client_id=c4bc5803-8f2c-43e6-9961-9ff3cbd1f733&client_secret=9f5qzgZval3O7YKqp44m4jM74m03IN9S'
2018-09-04 11:17:49  [ main:233 ] - [ DEBUG ]  [RESPONSE] {"access_token":"97CNL5HLMQUANSAYJY56BG","expires_in":7200,"refresh_token":"XDVXALTKWKC-PFFIFDCHOQ","scope":"all","token_type":"Bearer"}

2018-09-04 11:17:49  [ main:296 ] - [ DEBUG ]  [REQUEST] cn.qsnark.sdk.rpc.params.CreateAccountParams@2eda0940
2018-09-04 11:17:49  [ main:296 ] - [ DEBUG ]  [REQUEST] CURL： curl -X POST --head 'cn.qsnark.sdk.rpc.params.CreateAccountParams@2eda0940'
2018-09-04 11:17:49  [ main:418 ] - [ DEBUG ]  [RESPONSE] {
  "Code": 0,
  "Status": "",
  "id": 4770,
  "address": "0x354ddc2767ed4d8aa74b209cc2caaf6cdefe83c6",
  "time": "2018-09-04 11:17:54",
  "isDisabled": false,
  "appName": "test"
}
2018-09-04 11:17:49  [ main:421 ] - [ DEBUG ]  [REQUEST] {
"CTCode": "contract Accumulator{    uint32 sum = 0;   function increment()returns(uint32){        return sum = sum + 1;     }      function getSum() returns(uint32){         return sum;     }   function add(uint32 num1,uint32 num2) {         sum = sum+num1+num2;     } }"
}
2018-09-04 11:17:49  [ main:421 ] - [ DEBUG ]  [REQUEST] CURL： curl -X POST --head 'cn.qsnark.sdk.rpc.params.CompileContParams@2df32bf7'
2018-09-04 11:17:49  [ main:584 ] - [ DEBUG ]  [RESPONSE] {
  "Code": 0,
  "Status": "ok",
  "Cts": [
    {
      "Code": 0,
      "Status": "",
      "Id": 0,
      "Bin": "0x60606040526000805463ffffffff19169055341561001c57600080fd5b5b61014c8061002c6000396000f300606060405263ffffffff7c01000000000000000000000000000000000000000000000000000000006000350416633ad14af38114610053578063569c5f6d14610077578063d09de08a146100a3575b600080fd5b341561005e57600080fd5b61007563ffffffff600435811690602435166100cf565b005b341561008257600080fd5b61008a6100f1565b60405163ffffffff909116815260200160405180910390f35b34156100ae57600080fd5b61008a6100fe565b60405163ffffffff909116815260200160405180910390f35b6000805463ffffffff808216850184011663ffffffff199091161790555b5050565b60005463ffffffff165b90565b6000805463ffffffff198116600163ffffffff92831601918216179091555b905600a165627a7a72305820be59965d950b4e974974214c648a6ec454d64a47d915ce9147535b4c1faba0020029",
      "Abi": "[{\"constant\":false,\"inputs\":[{\"name\":\"num1\",\"type\":\"uint32\"},{\"name\":\"num2\",\"type\":\"uint32\"}],\"name\":\"add\",\"outputs\":[],\"payable\":false,\"type\":\"function\"},{\"constant\":false,\"inputs\":[],\"name\":\"getSum\",\"outputs\":[{\"name\":\"\",\"type\":\"uint32\"}],\"payable\":false,\"type\":\"function\"},{\"constant\":false,\"inputs\":[],\"name\":\"increment\",\"outputs\":[{\"name\":\"\",\"type\":\"uint32\"}],\"payable\":false,\"type\":\"function\"}]",
      "Name": "Accumulator",
      "OK": true
    }
  ]
}
2018-09-04 11:17:49  [ main:599 ] - [ DEBUG ]  [REQUEST] {"Bin":"0x60606040526000805463ffffffff19169055341561001c57600080fd5b5b61014c8061002c6000396000f300606060405263ffffffff7c01000000000000000000000000000000000000000000000000000000006000350416633ad14af38114610053578063569c5f6d14610077578063d09de08a146100a3575b600080fd5b341561005e57600080fd5b61007563ffffffff600435811690602435166100cf565b005b341561008257600080fd5b61008a6100f1565b60405163ffffffff909116815260200160405180910390f35b34156100ae57600080fd5b61008a6100fe565b60405163ffffffff909116815260200160405180910390f35b6000805463ffffffff808216850184011663ffffffff199091161790555b5050565b60005463ffffffff165b90565b6000805463ffffffff198116600163ffffffff92831601918216179091555b905600a165627a7a72305820be59965d950b4e974974214c648a6ec454d64a47d915ce9147535b4c1faba0020029","From":"0x354ddc2767ed4d8aa74b209cc2caaf6cdefe83c6"}
2018-09-04 11:17:49  [ main:599 ] - [ DEBUG ]  [REQUEST] CURL： curl -X POST --head '{"Bin":"0x60606040526000805463ffffffff19169055341561001c57600080fd5b5b61014c8061002c6000396000f300606060405263ffffffff7c01000000000000000000000000000000000000000000000000000000006000350416633ad14af38114610053578063569c5f6d14610077578063d09de08a146100a3575b600080fd5b341561005e57600080fd5b61007563ffffffff600435811690602435166100cf565b005b341561008257600080fd5b61008a6100f1565b60405163ffffffff909116815260200160405180910390f35b34156100ae57600080fd5b61008a6100fe565b60405163ffffffff909116815260200160405180910390f35b6000805463ffffffff808216850184011663ffffffff199091161790555b5050565b60005463ffffffff165b90565b6000805463ffffffff198116600163ffffffff92831601918216179091555b905600a165627a7a72305820be59965d950b4e974974214c648a6ec454d64a47d915ce9147535b4c1faba0020029","From":"0x354ddc2767ed4d8aa74b209cc2caaf6cdefe83c6"}'
2018-09-04 11:17:49  [ main:778 ] - [ DEBUG ]  [RESPONSE] {
  "Code": 0,
  "Status": "ok",
  "TxHash": "0xd26a17ff67fb660947f3114dd1d43a7f3177a28913c3c503b1b59349c654ee6a"
}
2018-09-04 11:17:50  [ main:1782 ] - [ DEBUG ]  [REQUEST] {"token":"97CNL5HLMQUANSAYJY56BG","txhash":"0xd26a17ff67fb660947f3114dd1d43a7f3177a28913c3c503b1b59349c654ee6a"}
2018-09-04 11:17:50  [ main:1782 ] - [ DEBUG ]  [REQUEST] CURL： curl -X POST --head '{"token":"97CNL5HLMQUANSAYJY56BG","txhash":"0xd26a17ff67fb660947f3114dd1d43a7f3177a28913c3c503b1b59349c654ee6a"}'
2018-09-04 11:17:50  [ Thread-1:1806 ] - [ DEBUG ]  [REQUEST] {"token":"97CNL5HLMQUANSAYJY56BG","txhash":"0xd26a17ff67fb660947f3114dd1d43a7f3177a28913c3c503b1b59349c654ee6a"}
2018-09-04 11:17:50  [ Thread-1:1807 ] - [ DEBUG ]  [REQUEST] CURL： curl -X POST --head '{"token":"97CNL5HLMQUANSAYJY56BG","txhash":"0xd26a17ff67fb660947f3114dd1d43a7f3177a28913c3c503b1b59349c654ee6a"}'
2018-09-04 11:17:50  [ main:1935 ] - [ DEBUG ]  [RESPONSE] {
  "Code": 0,
  "Status": "ok",
  "TxHash": "0xd26a17ff67fb660947f3114dd1d43a7f3177a28913c3c503b1b59349c654ee6a",
  "ContractAddress": "0xead05e2fb637edf46f5ec207721a6c606aeb71d5",
  "Ret": "0x606060405263ffffffff7c01000000000000000000000000000000000000000000000000000000006000350416633ad14af38114610053578063569c5f6d14610077578063d09de08a146100a3575b600080fd5b341561005e57600080fd5b61007563ffffffff600435811690602435166100cf565b005b341561008257600080fd5b61008a6100f1565b60405163ffffffff909116815260200160405180910390f35b34156100ae57600080fd5b61008a6100fe565b60405163ffffffff909116815260200160405180910390f35b6000805463ffffffff808216850184011663ffffffff199091161790555b5050565b60005463ffffffff165b90565b6000805463ffffffff198116600163ffffffff92831601918216179091555b905600a165627a7a72305820be59965d950b4e974974214c648a6ec454d64a47d915ce9147535b4c1faba0020029"
}
2018-09-04 11:17:50  [ main:1936 ] - [ DEBUG ]  [REQUEST] {
"From":"0x354ddc2767ed4d8aa74b209cc2caaf6cdefe83c6",
"Operation":1,
"Payload":"0x60606040526000805463ffffffff19169055341561001c57600080fd5b5b61014c8061002c6000396000f300606060405263ffffffff7c01000000000000000000000000000000000000000000000000000000006000350416633ad14af38114610053578063569c5f6d14610077578063d09de08a146100a3575b600080fd5b341561005e57600080fd5b61007563ffffffff600435811690602435166100cf565b005b341561008257600080fd5b61008a6100f1565b60405163ffffffff909116815260200160405180910390f35b34156100ae57600080fd5b61008a6100fe565b60405163ffffffff909116815260200160405180910390f35b6000805463ffffffff808216850184011663ffffffff199091161790555b5050565b60005463ffffffff165b90565b6000805463ffffffff198116600163ffffffff92831601918216179091555b905600a165627a7a72305820be59965d950b4e974974214c648a6ec454d64a47d915ce9147535b4c1faba0020029",
"To":"0xead05e2fb637edf46f5ec207721a6c606aeb71d5"
}
2018-09-04 11:17:50  [ main:1937 ] - [ DEBUG ]  [REQUEST] CURL： curl -X POST --head 'cn.qsnark.sdk.rpc.params.MainTainParams@65d6b83b'
2018-09-04 11:17:50  [ Thread-1:2002 ] - [ DEBUG ]  [RESPONSE] {
  "Code": 0,
  "Status": "ok",
  "TxHash": "0xd26a17ff67fb660947f3114dd1d43a7f3177a28913c3c503b1b59349c654ee6a",
  "ContractAddress": "0xead05e2fb637edf46f5ec207721a6c606aeb71d5",
  "Ret": "0x606060405263ffffffff7c01000000000000000000000000000000000000000000000000000000006000350416633ad14af38114610053578063569c5f6d14610077578063d09de08a146100a3575b600080fd5b341561005e57600080fd5b61007563ffffffff600435811690602435166100cf565b005b341561008257600080fd5b61008a6100f1565b60405163ffffffff909116815260200160405180910390f35b34156100ae57600080fd5b61008a6100fe565b60405163ffffffff909116815260200160405180910390f35b6000805463ffffffff808216850184011663ffffffff199091161790555b5050565b60005463ffffffff165b90565b6000805463ffffffff198116600163ffffffff92831601918216179091555b905600a165627a7a72305820be59965d950b4e974974214c648a6ec454d64a47d915ce9147535b4c1faba0020029"
}
2018-09-04 11:17:52  [ main:3206 ] - [ DEBUG ]  [RESPONSE] {
  "Code": 0,
  "Status": "ok",
  "TxHash": "0x4c79a26e4e916266a7f8a71d366f8168c32aabc058ee91c475337dae53657d65"
}
2018-09-04 11:17:52  [ main:3221 ] - [ DEBUG ]  [REQUEST] {"Const":true,"From":"0x354ddc2767ed4d8aa74b209cc2caaf6cdefe83c6","Payload":"0xd09de08a","To":"0xead05e2fb637edf46f5ec207721a6c606aeb71d5"}
2018-09-04 11:17:52  [ main:3221 ] - [ DEBUG ]  [REQUEST] CURL： curl -X POST --head '{"Const":true,"From":"0x354ddc2767ed4d8aa74b209cc2caaf6cdefe83c6","Payload":"0xd09de08a","To":"0xead05e2fb637edf46f5ec207721a6c606aeb71d5"}'
2018-09-04 11:17:53  [ main:4545 ] - [ DEBUG ]  [RESPONSE] {
  "Code": 0,
  "Status": "ok",
  "TxHash": "0xce9e41137e4f0885be455816db4e1d9a92c9d1bf376c3c0c3a0758580c722c2a",
  "ContractAddress": "0x0000000000000000000000000000000000000000",
  "Ret": "0x0000000000000000000000000000000000000000000000000000000000000001"
}
2018-09-04 11:17:53  [ main:4665 ] - [ DEBUG ]  [REQUEST] {"Const":true,"From":"0x354ddc2767ed4d8aa74b209cc2caaf6cdefe83c6","Payload":"0xd09de08a","To":"0xead05e2fb637edf46f5ec207721a6c606aeb71d5"}
2018-09-04 11:17:53  [ main:4665 ] - [ DEBUG ]  [REQUEST] CURL： curl -X POST --head '{"Const":true,"From":"0x354ddc2767ed4d8aa74b209cc2caaf6cdefe83c6","Payload":"0xd09de08a","To":"0xead05e2fb637edf46f5ec207721a6c606aeb71d5"}'
2018-09-04 11:17:53  [ main:4827 ] - [ DEBUG ]  [RESPONSE] {
  "Code": 0,
  "Status": "ok",
  "TxHash": "0x3f885c4a24ba5ab13f1b4d6ef2a2c04cc3a7c82287ea4bd374c274eb336bfffd"
}
2018-09-04 11:17:54  [ Thread-2:5834 ] - [ DEBUG ]  [REQUEST] {"token":"97CNL5HLMQUANSAYJY56BG","txhash":"0x3f885c4a24ba5ab13f1b4d6ef2a2c04cc3a7c82287ea4bd374c274eb336bfffd"}
2018-09-04 11:17:54  [ Thread-2:5834 ] - [ DEBUG ]  [REQUEST] CURL： curl -X POST --head '{"token":"97CNL5HLMQUANSAYJY56BG","txhash":"0x3f885c4a24ba5ab13f1b4d6ef2a2c04cc3a7c82287ea4bd374c274eb336bfffd"}'
2018-09-04 11:17:54  [ main:5835 ] - [ DEBUG ]  [REQUEST] {"Bin":"0x60606040526000805463ffffffff19169055341561001c57600080fd5b5b61014c8061002c6000396000f300606060405263ffffffff7c01000000000000000000000000000000000000000000000000000000006000350416633ad14af38114610053578063569c5f6d14610077578063d09de08a146100a3575b600080fd5b341561005e57600080fd5b61007563ffffffff600435811690602435166100cf565b005b341561008257600080fd5b61008a6100f1565b60405163ffffffff909116815260200160405180910390f35b34156100ae57600080fd5b61008a6100fe565b60405163ffffffff909116815260200160405180910390f35b6000805463ffffffff808216850184011663ffffffff199091161790555b5050565b60005463ffffffff165b90565b6000805463ffffffff198116600163ffffffff92831601918216179091555b905600a165627a7a72305820be59965d950b4e974974214c648a6ec454d64a47d915ce9147535b4c1faba0020029","From":"0x354ddc2767ed4d8aa74b209cc2caaf6cdefe83c6"}
2018-09-04 11:17:54  [ main:5835 ] - [ DEBUG ]  [REQUEST] CURL： curl -X POST --head '{"Bin":"0x60606040526000805463ffffffff19169055341561001c57600080fd5b5b61014c8061002c6000396000f300606060405263ffffffff7c01000000000000000000000000000000000000000000000000000000006000350416633ad14af38114610053578063569c5f6d14610077578063d09de08a146100a3575b600080fd5b341561005e57600080fd5b61007563ffffffff600435811690602435166100cf565b005b341561008257600080fd5b61008a6100f1565b60405163ffffffff909116815260200160405180910390f35b34156100ae57600080fd5b61008a6100fe565b60405163ffffffff909116815260200160405180910390f35b6000805463ffffffff808216850184011663ffffffff199091161790555b5050565b60005463ffffffff165b90565b6000805463ffffffff198116600163ffffffff92831601918216179091555b905600a165627a7a72305820be59965d950b4e974974214c648a6ec454d64a47d915ce9147535b4c1faba0020029","From":"0x354ddc2767ed4d8aa74b209cc2caaf6cdefe83c6"}'
2018-09-04 11:17:54  [ main:5954 ] - [ DEBUG ]  [RESPONSE] {
  "Code": 0,
  "Status": "ok",
  "TxHash": "0xcfbbff18660b5704819e06f688bc226cfad0a2470c40fd10ebe8c2f106341a15"
}
2018-09-04 11:17:54  [ Thread-2:5969 ] - [ DEBUG ]  [RESPONSE] {
  "Code": 0,
  "Status": "ok",
  "TxHash": "0x3f885c4a24ba5ab13f1b4d6ef2a2c04cc3a7c82287ea4bd374c274eb336bfffd",
  "ContractAddress": "0x0000000000000000000000000000000000000000",
  "Ret": "0x0000000000000000000000000000000000000000000000000000000000000001"
}
2018-09-04 11:17:55  [ main:6955 ] - [ DEBUG ]  [REQUEST] {"Bin":"0x60606040526000805463ffffffff19169055341561001c57600080fd5b5b61014c8061002c6000396000f300606060405263ffffffff7c01000000000000000000000000000000000000000000000000000000006000350416633ad14af38114610053578063569c5f6d14610077578063d09de08a146100a3575b600080fd5b341561005e57600080fd5b61007563ffffffff600435811690602435166100cf565b005b341561008257600080fd5b61008a6100f1565b60405163ffffffff909116815260200160405180910390f35b34156100ae57600080fd5b61008a6100fe565b60405163ffffffff909116815260200160405180910390f35b6000805463ffffffff808216850184011663ffffffff199091161790555b5050565b60005463ffffffff165b90565b6000805463ffffffff198116600163ffffffff92831601918216179091555b905600a165627a7a72305820be59965d950b4e974974214c648a6ec454d64a47d915ce9147535b4c1faba0020029","From":"0x354ddc2767ed4d8aa74b209cc2caaf6cdefe83c6"}
2018-09-04 11:17:55  [ main:6956 ] - [ DEBUG ]  [REQUEST] CURL： curl -X POST --head '{"Bin":"0x60606040526000805463ffffffff19169055341561001c57600080fd5b5b61014c8061002c6000396000f300606060405263ffffffff7c01000000000000000000000000000000000000000000000000000000006000350416633ad14af38114610053578063569c5f6d14610077578063d09de08a146100a3575b600080fd5b341561005e57600080fd5b61007563ffffffff600435811690602435166100cf565b005b341561008257600080fd5b61008a6100f1565b60405163ffffffff909116815260200160405180910390f35b34156100ae57600080fd5b61008a6100fe565b60405163ffffffff909116815260200160405180910390f35b6000805463ffffffff808216850184011663ffffffff199091161790555b5050565b60005463ffffffff165b90565b6000805463ffffffff198116600163ffffffff92831601918216179091555b905600a165627a7a72305820be59965d950b4e974974214c648a6ec454d64a47d915ce9147535b4c1faba0020029","From":"0x354ddc2767ed4d8aa74b209cc2caaf6cdefe83c6"}'
2018-09-04 11:17:55  [ Thread-3:6960 ] - [ DEBUG ]  [REQUEST] {"token":"97CNL5HLMQUANSAYJY56BG","txhash":"0xcfbbff18660b5704819e06f688bc226cfad0a2470c40fd10ebe8c2f106341a15"}
2018-09-04 11:17:55  [ Thread-3:6962 ] - [ DEBUG ]  [REQUEST] CURL： curl -X POST --head '{"token":"97CNL5HLMQUANSAYJY56BG","txhash":"0xcfbbff18660b5704819e06f688bc226cfad0a2470c40fd10ebe8c2f106341a15"}'
2018-09-04 11:17:55  [ Thread-3:7118 ] - [ DEBUG ]  [RESPONSE] {
  "Code": 0,
  "Status": "ok",
  "TxHash": "0xcfbbff18660b5704819e06f688bc226cfad0a2470c40fd10ebe8c2f106341a15",
  "ContractAddress": "0x9b1f7e0364f7d30731e122b616e02660e4891d19",
  "Ret": "0x606060405263ffffffff7c01000000000000000000000000000000000000000000000000000000006000350416633ad14af38114610053578063569c5f6d14610077578063d09de08a146100a3575b600080fd5b341561005e57600080fd5b61007563ffffffff600435811690602435166100cf565b005b341561008257600080fd5b61008a6100f1565b60405163ffffffff909116815260200160405180910390f35b34156100ae57600080fd5b61008a6100fe565b60405163ffffffff909116815260200160405180910390f35b6000805463ffffffff808216850184011663ffffffff199091161790555b5050565b60005463ffffffff165b90565b6000805463ffffffff198116600163ffffffff92831601918216179091555b905600a165627a7a72305820be59965d950b4e974974214c648a6ec454d64a47d915ce9147535b4c1faba0020029"
}
2018-09-04 11:17:57  [ main:8224 ] - [ DEBUG ]  [RESPONSE] {
  "Code": 0,
  "Status": "ok",
  "TxHash": "0x3511a406178535535d467f9c3a0fa6e525a00c56bbd27b96ff6c3ee9457797f0",
  "ContractAddress": "0x8e49ee38cfcc2f5ff0e950abdfaba2f53c0e9fa6",
  "Ret": "0x606060405263ffffffff7c01000000000000000000000000000000000000000000000000000000006000350416633ad14af38114610053578063569c5f6d14610077578063d09de08a146100a3575b600080fd5b341561005e57600080fd5b61007563ffffffff600435811690602435166100cf565b005b341561008257600080fd5b61008a6100f1565b60405163ffffffff909116815260200160405180910390f35b34156100ae57600080fd5b61008a6100fe565b60405163ffffffff909116815260200160405180910390f35b6000805463ffffffff808216850184011663ffffffff199091161790555b5050565b60005463ffffffff165b90565b6000805463ffffffff198116600163ffffffff92831601918216179091555b905600a165627a7a72305820be59965d950b4e974974214c648a6ec454d64a47d915ce9147535b4c1faba0020029"
}
